CRITICAL - 2024-10-03 09:55:16 --> DateTime::__construct(): Failed to parse time string (30:16:00) at position 0 (3): Unexpected character
in APPPATH\Helpers\time_helper.php on line 90.
 1 APPPATH\Helpers\time_helper.php(90): DateTime->__construct('30:16:00')
 2 APPPATH\Controllers\Main.php(799): time_deducts([...])
 3 SYSTEMPATH\CodeIgniter.php(896): App\Controllers\Main->get_data_from_sentry()
 4 SYSTEMPATH\CodeIgniter.php(466): CodeIgniter\CodeIgniter->runController(Object(App\Controllers\Main))
 5 SYSTEMPATH\CodeIgniter.php(349): CodeIgniter\CodeIgniter->handleRequest(null, Object(Config\Cache), false)
 6 FCPATH\index.php(55): CodeIgniter\CodeIgniter->run()
CRITICAL - 2024-10-03 10:06:21 --> DateTime::__construct(): Failed to parse time string (30:16:00) at position 0 (3): Unexpected character
in APPPATH\Helpers\time_helper.php on line 89.
 1 APPPATH\Helpers\time_helper.php(89): DateTime->__construct('30:16:00')
 2 APPPATH\Controllers\Main.php(799): time_deducts([...])
 3 SYSTEMPATH\CodeIgniter.php(896): App\Controllers\Main->get_data_from_sentry()
 4 SYSTEMPATH\CodeIgniter.php(466): CodeIgniter\CodeIgniter->runController(Object(App\Controllers\Main))
 5 SYSTEMPATH\CodeIgniter.php(349): CodeIgniter\CodeIgniter->handleRequest(null, Object(Config\Cache), false)
 6 FCPATH\index.php(55): CodeIgniter\CodeIgniter->run()
CRITICAL - 2024-10-03 10:36:59 --> DateTime::__construct(): Failed to parse time string (30:16:00) at position 0 (3): Unexpected character
in APPPATH\Helpers\time_helper.php on line 93.
 1 APPPATH\Helpers\time_helper.php(93): DateTime->__construct('30:16:00')
 2 APPPATH\Controllers\Main.php(799): time_deducts([...])
 3 SYSTEMPATH\CodeIgniter.php(896): App\Controllers\Main->get_data_from_sentry()
 4 SYSTEMPATH\CodeIgniter.php(466): CodeIgniter\CodeIgniter->runController(Object(App\Controllers\Main))
 5 SYSTEMPATH\CodeIgniter.php(349): CodeIgniter\CodeIgniter->handleRequest(null, Object(Config\Cache), false)
 6 FCPATH\index.php(55): CodeIgniter\CodeIgniter->run()
CRITICAL - 2024-10-03 16:19:19 --> Illegal string offset 'logdate'
in APPPATH\Controllers\Main.php on line 656.
 1 APPPATH\Controllers\Main.php(656): CodeIgniter\Debug\Exceptions->errorHandler(2, 'Illegal string offset \'logdate\'', 'APPPATH\\Controllers\\Main.php', 656, [...])
 2 SYSTEMPATH\CodeIgniter.php(896): App\Controllers\Main->get_data_from_sentry()
 3 SYSTEMPATH\CodeIgniter.php(466): CodeIgniter\CodeIgniter->runController(Object(App\Controllers\Main))
 4 SYSTEMPATH\CodeIgniter.php(349): CodeIgniter\CodeIgniter->handleRequest(null, Object(Config\Cache), false)
 5 FCPATH\index.php(55): CodeIgniter\CodeIgniter->run()
CRITICAL - 2024-10-03 16:19:19 --> Uncaught CodeIgniter\Format\Exceptions\FormatException: Failed to parse json string, error: "Type is not supported". in C:\xampp74\htdocs\ci4_payroll\system\Format\JSONFormatter.php:41
Stack trace:
#0 C:\xampp74\htdocs\ci4_payroll\system\Format\JSONFormatter.php(41): CodeIgniter\Format\Exceptions\FormatException::forInvalidJSON('Type is not sup...')
#1 C:\xampp74\htdocs\ci4_payroll\system\API\ResponseTrait.php(341): CodeIgniter\Format\JSONFormatter->format(Array)
#2 C:\xampp74\htdocs\ci4_payroll\system\API\ResponseTrait.php(99): CodeIgniter\Debug\Exceptions->format(Array)
#3 C:\xampp74\htdocs\ci4_payroll\system\Debug\Exceptions.php(120): CodeIgniter\Debug\Exceptions->respond(Array, 500)
#4 [internal function]: CodeIgniter\Debug\Exceptions->exceptionHandler(Object(ErrorException))
#5 {main}
  thrown
in SYSTEMPATH\Format\JSONFormatter.php on line 41.
 1 [internal function]: CodeIgniter\Debug\Exceptions->shutdownHandler()
