CRITICAL - 2024-09-30 08:37:40 --> Undefined variable: array_duties
in APPPATH\Controllers\Main.php on line 753.
 1 APPPATH\Controllers\Main.php(753): CodeIgniter\Debug\Exceptions->errorHandler(8, 'Undefined variable: array_duties', 'APPPATH\\Controllers\\Main.php', 753, [...])
 2 SYSTEMPATH\CodeIgniter.php(896): App\Controllers\Main->get_data_from_sentry()
 3 SYSTEMPATH\CodeIgniter.php(466): CodeIgniter\CodeIgniter->runController(Object(App\Controllers\Main))
 4 SYSTEMPATH\CodeIgniter.php(349): CodeIgniter\CodeIgniter->handleRequest(null, Object(Config\Cache), false)
 5 FCPATH\index.php(55): CodeIgniter\CodeIgniter->run()
CRITICAL - 2024-09-30 08:37:40 --> Uncaught CodeIgniter\Format\Exceptions\FormatException: Failed to parse json string, error: "Type is not supported". in C:\xampp74\htdocs\ci4_payroll\system\Format\JSONFormatter.php:41
Stack trace:
#0 C:\xampp74\htdocs\ci4_payroll\system\Format\JSONFormatter.php(41): CodeIgniter\Format\Exceptions\FormatException::forInvalidJSON('Type is not sup...')
#1 C:\xampp74\htdocs\ci4_payroll\system\API\ResponseTrait.php(341): CodeIgniter\Format\JSONFormatter->format(Array)
#2 C:\xampp74\htdocs\ci4_payroll\system\API\ResponseTrait.php(99): CodeIgniter\Debug\Exceptions->format(Array)
#3 C:\xampp74\htdocs\ci4_payroll\system\Debug\Exceptions.php(120): CodeIgniter\Debug\Exceptions->respond(Array, 500)
#4 [internal function]: CodeIgniter\Debug\Exceptions->exceptionHandler(Object(ErrorException))
#5 {main}
  thrown
in SYSTEMPATH\Format\JSONFormatter.php on line 41.
 1 [internal function]: CodeIgniter\Debug\Exceptions->shutdownHandler()
CRITICAL - 2024-09-30 11:56:47 --> Undefined variable: array_duties
in APPPATH\Controllers\Main.php on line 752.
 1 APPPATH\Controllers\Main.php(752): CodeIgniter\Debug\Exceptions->errorHandler(8, 'Undefined variable: array_duties', 'APPPATH\\Controllers\\Main.php', 752, [...])
 2 SYSTEMPATH\CodeIgniter.php(896): App\Controllers\Main->get_data_from_sentry()
 3 SYSTEMPATH\CodeIgniter.php(466): CodeIgniter\CodeIgniter->runController(Object(App\Controllers\Main))
 4 SYSTEMPATH\CodeIgniter.php(349): CodeIgniter\CodeIgniter->handleRequest(null, Object(Config\Cache), false)
 5 FCPATH\index.php(55): CodeIgniter\CodeIgniter->run()
CRITICAL - 2024-09-30 11:56:47 --> Uncaught CodeIgniter\Format\Exceptions\FormatException: Failed to parse json string, error: "Type is not supported". in C:\xampp74\htdocs\ci4_payroll\system\Format\JSONFormatter.php:41
Stack trace:
#0 C:\xampp74\htdocs\ci4_payroll\system\Format\JSONFormatter.php(41): CodeIgniter\Format\Exceptions\FormatException::forInvalidJSON('Type is not sup...')
#1 C:\xampp74\htdocs\ci4_payroll\system\API\ResponseTrait.php(341): CodeIgniter\Format\JSONFormatter->format(Array)
#2 C:\xampp74\htdocs\ci4_payroll\system\API\ResponseTrait.php(99): CodeIgniter\Debug\Exceptions->format(Array)
#3 C:\xampp74\htdocs\ci4_payroll\system\Debug\Exceptions.php(120): CodeIgniter\Debug\Exceptions->respond(Array, 500)
#4 [internal function]: CodeIgniter\Debug\Exceptions->exceptionHandler(Object(ErrorException))
#5 {main}
  thrown
in SYSTEMPATH\Format\JSONFormatter.php on line 41.
 1 [internal function]: CodeIgniter\Debug\Exceptions->shutdownHandler()
CRITICAL - 2024-09-30 13:42:11 --> Undefined variable: array_duties
in APPPATH\Controllers\Main.php on line 753.
 1 APPPATH\Controllers\Main.php(753): CodeIgniter\Debug\Exceptions->errorHandler(8, 'Undefined variable: array_duties', 'APPPATH\\Controllers\\Main.php', 753, [...])
 2 SYSTEMPATH\CodeIgniter.php(896): App\Controllers\Main->get_data_from_sentry()
 3 SYSTEMPATH\CodeIgniter.php(466): CodeIgniter\CodeIgniter->runController(Object(App\Controllers\Main))
 4 SYSTEMPATH\CodeIgniter.php(349): CodeIgniter\CodeIgniter->handleRequest(null, Object(Config\Cache), false)
 5 FCPATH\index.php(55): CodeIgniter\CodeIgniter->run()
CRITICAL - 2024-09-30 13:42:11 --> Uncaught CodeIgniter\Format\Exceptions\FormatException: Failed to parse json string, error: "Type is not supported". in C:\xampp74\htdocs\ci4_payroll\system\Format\JSONFormatter.php:41
Stack trace:
#0 C:\xampp74\htdocs\ci4_payroll\system\Format\JSONFormatter.php(41): CodeIgniter\Format\Exceptions\FormatException::forInvalidJSON('Type is not sup...')
#1 C:\xampp74\htdocs\ci4_payroll\system\API\ResponseTrait.php(341): CodeIgniter\Format\JSONFormatter->format(Array)
#2 C:\xampp74\htdocs\ci4_payroll\system\API\ResponseTrait.php(99): CodeIgniter\Debug\Exceptions->format(Array)
#3 C:\xampp74\htdocs\ci4_payroll\system\Debug\Exceptions.php(120): CodeIgniter\Debug\Exceptions->respond(Array, 500)
#4 [internal function]: CodeIgniter\Debug\Exceptions->exceptionHandler(Object(ErrorException))
#5 {main}
  thrown
in SYSTEMPATH\Format\JSONFormatter.php on line 41.
 1 [internal function]: CodeIgniter\Debug\Exceptions->shutdownHandler()
CRITICAL - 2024-09-30 16:06:35 --> DateTime::__construct(): Failed to parse time string (1727664360) at position 8 (6): Unexpected character
in APPPATH\Controllers\Main.php on line 764.
 1 APPPATH\Controllers\Main.php(764): DateTime->__construct('1727664360')
 2 SYSTEMPATH\CodeIgniter.php(896): App\Controllers\Main->get_data_from_sentry()
 3 SYSTEMPATH\CodeIgniter.php(466): CodeIgniter\CodeIgniter->runController(Object(App\Controllers\Main))
 4 SYSTEMPATH\CodeIgniter.php(349): CodeIgniter\CodeIgniter->handleRequest(null, Object(Config\Cache), false)
 5 FCPATH\index.php(55): CodeIgniter\CodeIgniter->run()
CRITICAL - 2024-09-30 16:09:24 --> DateTime::__construct(): Failed to parse time string (1727664360) at position 8 (6): Unexpected character
in APPPATH\Controllers\Main.php on line 766.
 1 APPPATH\Controllers\Main.php(766): DateTime->__construct('1727664360')
 2 SYSTEMPATH\CodeIgniter.php(896): App\Controllers\Main->get_data_from_sentry()
 3 SYSTEMPATH\CodeIgniter.php(466): CodeIgniter\CodeIgniter->runController(Object(App\Controllers\Main))
 4 SYSTEMPATH\CodeIgniter.php(349): CodeIgniter\CodeIgniter->handleRequest(null, Object(Config\Cache), false)
 5 FCPATH\index.php(55): CodeIgniter\CodeIgniter->run()
CRITICAL - 2024-09-30 16:10:07 --> DateTime::__construct(): Failed to parse time string (1727664360) at position 8 (6): Unexpected character
in APPPATH\Controllers\Main.php on line 766.
 1 APPPATH\Controllers\Main.php(766): DateTime->__construct('1727664360')
 2 SYSTEMPATH\CodeIgniter.php(896): App\Controllers\Main->get_data_from_sentry()
 3 SYSTEMPATH\CodeIgniter.php(466): CodeIgniter\CodeIgniter->runController(Object(App\Controllers\Main))
 4 SYSTEMPATH\CodeIgniter.php(349): CodeIgniter\CodeIgniter->handleRequest(null, Object(Config\Cache), false)
 5 FCPATH\index.php(55): CodeIgniter\CodeIgniter->run()
CRITICAL - 2024-09-30 16:41:44 --> Invalid argument supplied for foreach()
in APPPATH\Helpers\time_helper.php on line 53.
 1 APPPATH\Helpers\time_helper.php(53): CodeIgniter\Debug\Exceptions->errorHandler(2, 'Invalid argument supplied for foreach()', 'APPPATH\\Helpers\\time_helper.php', 53, [...])
 2 APPPATH\Controllers\Main.php(770): time_all_add('2:46:00')
 3 SYSTEMPATH\CodeIgniter.php(896): App\Controllers\Main->get_data_from_sentry()
 4 SYSTEMPATH\CodeIgniter.php(466): CodeIgniter\CodeIgniter->runController(Object(App\Controllers\Main))
 5 SYSTEMPATH\CodeIgniter.php(349): CodeIgniter\CodeIgniter->handleRequest(null, Object(Config\Cache), false)
 6 FCPATH\index.php(55): CodeIgniter\CodeIgniter->run()
CRITICAL - 2024-09-30 16:44:09 --> Array to string conversion
in APPPATH\Helpers\time_helper.php on line 70.
 1 APPPATH\Helpers\time_helper.php(70): CodeIgniter\Debug\Exceptions->errorHandler(8, 'Array to string conversion', 'APPPATH\\Helpers\\time_helper.php', 70, [...])
 2 APPPATH\Controllers\Main.php(769): retreive_overtime([...])
 3 SYSTEMPATH\CodeIgniter.php(896): App\Controllers\Main->get_data_from_sentry()
 4 SYSTEMPATH\CodeIgniter.php(466): CodeIgniter\CodeIgniter->runController(Object(App\Controllers\Main))
 5 SYSTEMPATH\CodeIgniter.php(349): CodeIgniter\CodeIgniter->handleRequest(null, Object(Config\Cache), false)
 6 FCPATH\index.php(55): CodeIgniter\CodeIgniter->run()
CRITICAL - 2024-09-30 16:48:44 --> Array to string conversion
in APPPATH\Helpers\time_helper.php on line 70.
 1 APPPATH\Helpers\time_helper.php(70): CodeIgniter\Debug\Exceptions->errorHandler(8, 'Array to string conversion', 'APPPATH\\Helpers\\time_helper.php', 70, [...])
 2 APPPATH\Controllers\Main.php(770): retreive_overtime([...])
 3 SYSTEMPATH\CodeIgniter.php(896): App\Controllers\Main->get_data_from_sentry()
 4 SYSTEMPATH\CodeIgniter.php(466): CodeIgniter\CodeIgniter->runController(Object(App\Controllers\Main))
 5 SYSTEMPATH\CodeIgniter.php(349): CodeIgniter\CodeIgniter->handleRequest(null, Object(Config\Cache), false)
 6 FCPATH\index.php(55): CodeIgniter\CodeIgniter->run()
CRITICAL - 2024-09-30 16:49:59 --> Array to string conversion
in APPPATH\Helpers\time_helper.php on line 5.
 1 APPPATH\Helpers\time_helper.php(5): CodeIgniter\Debug\Exceptions->errorHandler(8, 'Array to string conversion', 'APPPATH\\Helpers\\time_helper.php', 5, [...])
 2 APPPATH\Controllers\Main.php(770): retreive_overtime([...])
 3 SYSTEMPATH\CodeIgniter.php(896): App\Controllers\Main->get_data_from_sentry()
 4 SYSTEMPATH\CodeIgniter.php(466): CodeIgniter\CodeIgniter->runController(Object(App\Controllers\Main))
 5 SYSTEMPATH\CodeIgniter.php(349): CodeIgniter\CodeIgniter->handleRequest(null, Object(Config\Cache), false)
 6 FCPATH\index.php(55): CodeIgniter\CodeIgniter->run()
