CRITICAL - 2024-09-06 15:40:45 --> Undefined index: logdate
in APPPATH\Controllers\Main.php on line 636.
 1 APPPATH\Controllers\Main.php(636): CodeIgniter\Debug\Exceptions->errorHandler(8, 'Undefined index: logdate', 'APPPATH\\Controllers\\Main.php', 636, [...])
 2 SYSTEMPATH\CodeIgniter.php(896): App\Controllers\Main->get_data_from_sentry()
 3 SYSTEMPATH\CodeIgniter.php(466): CodeIgniter\CodeIgniter->runController(Object(App\Controllers\Main))
 4 SYSTEMPATH\CodeIgniter.php(349): CodeIgniter\CodeIgniter->handleRequest(null, Object(Config\Cache), false)
 5 FCPATH\index.php(55): CodeIgniter\CodeIgniter->run()
CRITICAL - 2024-09-06 15:40:45 --> Uncaught CodeIgniter\Format\Exceptions\FormatException: Failed to parse json string, error: "Type is not supported". in C:\xampp74\htdocs\ci4_payroll\system\Format\JSONFormatter.php:41
Stack trace:
#0 C:\xampp74\htdocs\ci4_payroll\system\Format\JSONFormatter.php(41): CodeIgniter\Format\Exceptions\FormatException::forInvalidJSON('Type is not sup...')
#1 C:\xampp74\htdocs\ci4_payroll\system\API\ResponseTrait.php(341): CodeIgniter\Format\JSONFormatter->format(Array)
#2 C:\xampp74\htdocs\ci4_payroll\system\API\ResponseTrait.php(99): CodeIgniter\Debug\Exceptions->format(Array)
#3 C:\xampp74\htdocs\ci4_payroll\system\Debug\Exceptions.php(120): CodeIgniter\Debug\Exceptions->respond(Array, 500)
#4 [internal function]: CodeIgniter\Debug\Exceptions->exceptionHandler(Object(ErrorException))
#5 {main}
  thrown
in SYSTEMPATH\Format\JSONFormatter.php on line 41.
 1 [internal function]: CodeIgniter\Debug\Exceptions->shutdownHandler()
CRITICAL - 2024-09-06 15:41:23 --> Undefined index: logdate
in APPPATH\Controllers\Main.php on line 636.
 1 APPPATH\Controllers\Main.php(636): CodeIgniter\Debug\Exceptions->errorHandler(8, 'Undefined index: logdate', 'APPPATH\\Controllers\\Main.php', 636, [...])
 2 SYSTEMPATH\CodeIgniter.php(896): App\Controllers\Main->get_data_from_sentry()
 3 SYSTEMPATH\CodeIgniter.php(466): CodeIgniter\CodeIgniter->runController(Object(App\Controllers\Main))
 4 SYSTEMPATH\CodeIgniter.php(349): CodeIgniter\CodeIgniter->handleRequest(null, Object(Config\Cache), false)
 5 FCPATH\index.php(55): CodeIgniter\CodeIgniter->run()
CRITICAL - 2024-09-06 15:44:00 --> Illegal string offset 'logdate'
in APPPATH\Controllers\Main.php on line 637.
 1 APPPATH\Controllers\Main.php(637): CodeIgniter\Debug\Exceptions->errorHandler(2, 'Illegal string offset \'logdate\'', 'APPPATH\\Controllers\\Main.php', 637, [...])
 2 SYSTEMPATH\CodeIgniter.php(896): App\Controllers\Main->get_data_from_sentry()
 3 SYSTEMPATH\CodeIgniter.php(466): CodeIgniter\CodeIgniter->runController(Object(App\Controllers\Main))
 4 SYSTEMPATH\CodeIgniter.php(349): CodeIgniter\CodeIgniter->handleRequest(null, Object(Config\Cache), false)
 5 FCPATH\index.php(55): CodeIgniter\CodeIgniter->run()
CRITICAL - 2024-09-06 16:01:26 --> Illegal string offset 'logdate'
in APPPATH\Controllers\Main.php on line 640.
 1 APPPATH\Controllers\Main.php(640): CodeIgniter\Debug\Exceptions->errorHandler(2, 'Illegal string offset \'logdate\'', 'APPPATH\\Controllers\\Main.php', 640, [...])
 2 SYSTEMPATH\CodeIgniter.php(896): App\Controllers\Main->get_data_from_sentry()
 3 SYSTEMPATH\CodeIgniter.php(466): CodeIgniter\CodeIgniter->runController(Object(App\Controllers\Main))
 4 SYSTEMPATH\CodeIgniter.php(349): CodeIgniter\CodeIgniter->handleRequest(null, Object(Config\Cache), false)
 5 FCPATH\index.php(55): CodeIgniter\CodeIgniter->run()
CRITICAL - 2024-09-06 16:01:26 --> Uncaught CodeIgniter\Format\Exceptions\FormatException: Failed to parse json string, error: "Type is not supported". in C:\xampp74\htdocs\ci4_payroll\system\Format\JSONFormatter.php:41
Stack trace:
#0 C:\xampp74\htdocs\ci4_payroll\system\Format\JSONFormatter.php(41): CodeIgniter\Format\Exceptions\FormatException::forInvalidJSON('Type is not sup...')
#1 C:\xampp74\htdocs\ci4_payroll\system\API\ResponseTrait.php(341): CodeIgniter\Format\JSONFormatter->format(Array)
#2 C:\xampp74\htdocs\ci4_payroll\system\API\ResponseTrait.php(99): CodeIgniter\Debug\Exceptions->format(Array)
#3 C:\xampp74\htdocs\ci4_payroll\system\Debug\Exceptions.php(120): CodeIgniter\Debug\Exceptions->respond(Array, 500)
#4 [internal function]: CodeIgniter\Debug\Exceptions->exceptionHandler(Object(ErrorException))
#5 {main}
  thrown
in SYSTEMPATH\Format\JSONFormatter.php on line 41.
 1 [internal function]: CodeIgniter\Debug\Exceptions->shutdownHandler()
CRITICAL - 2024-09-06 16:11:50 --> Illegal string offset 'logdate'
in APPPATH\Controllers\Main.php on line 647.
 1 APPPATH\Controllers\Main.php(647): CodeIgniter\Debug\Exceptions->errorHandler(2, 'Illegal string offset \'logdate\'', 'APPPATH\\Controllers\\Main.php', 647, [...])
 2 SYSTEMPATH\CodeIgniter.php(896): App\Controllers\Main->get_data_from_sentry()
 3 SYSTEMPATH\CodeIgniter.php(466): CodeIgniter\CodeIgniter->runController(Object(App\Controllers\Main))
 4 SYSTEMPATH\CodeIgniter.php(349): CodeIgniter\CodeIgniter->handleRequest(null, Object(Config\Cache), false)
 5 FCPATH\index.php(55): CodeIgniter\CodeIgniter->run()
