CRITICAL - 2024-09-27 15:43:48 --> Undefined offset: 0
in APPPATH\Controllers\Main.php on line 681.
 1 APPPATH\Controllers\Main.php(681): CodeIgniter\Debug\Exceptions->errorHandler(8, 'Undefined offset: 0', 'APPPATH\\Controllers\\Main.php', 681, [...])
 2 SYSTEMPATH\CodeIgniter.php(896): App\Controllers\Main->get_data_from_sentry()
 3 SYSTEMPATH\CodeIgniter.php(466): CodeIgniter\CodeIgniter->runController(Object(App\Controllers\Main))
 4 SYSTEMPATH\CodeIgniter.php(349): CodeIgniter\CodeIgniter->handleRequest(null, Object(Config\Cache), false)
 5 FCPATH\index.php(55): CodeIgniter\CodeIgniter->run()
CRITICAL - 2024-09-27 15:43:48 --> Uncaught CodeIgniter\Format\Exceptions\FormatException: Failed to parse json string, error: "Type is not supported". in C:\xampp74\htdocs\ci4_payroll\system\Format\JSONFormatter.php:41
Stack trace:
#0 C:\xampp74\htdocs\ci4_payroll\system\Format\JSONFormatter.php(41): CodeIgniter\Format\Exceptions\FormatException::forInvalidJSON('Type is not sup...')
#1 C:\xampp74\htdocs\ci4_payroll\system\API\ResponseTrait.php(341): CodeIgniter\Format\JSONFormatter->format(Array)
#2 C:\xampp74\htdocs\ci4_payroll\system\API\ResponseTrait.php(99): CodeIgniter\Debug\Exceptions->format(Array)
#3 C:\xampp74\htdocs\ci4_payroll\system\Debug\Exceptions.php(120): CodeIgniter\Debug\Exceptions->respond(Array, 500)
#4 [internal function]: CodeIgniter\Debug\Exceptions->exceptionHandler(Object(ErrorException))
#5 {main}
  thrown
in SYSTEMPATH\Format\JSONFormatter.php on line 41.
 1 [internal function]: CodeIgniter\Debug\Exceptions->shutdownHandler()
CRITICAL - 2024-09-27 15:53:15 --> Undefined offset: 1
in APPPATH\Controllers\Main.php on line 669.
 1 APPPATH\Controllers\Main.php(669): CodeIgniter\Debug\Exceptions->errorHandler(8, 'Undefined offset: 1', 'APPPATH\\Controllers\\Main.php', 669, [...])
 2 [internal function]: App\Controllers\Main->App\Controllers\{closure}([...], [...])
 3 APPPATH\Controllers\Main.php(676): usort([...], Object(Closure))
 4 SYSTEMPATH\CodeIgniter.php(896): App\Controllers\Main->get_data_from_sentry()
 5 SYSTEMPATH\CodeIgniter.php(466): CodeIgniter\CodeIgniter->runController(Object(App\Controllers\Main))
 6 SYSTEMPATH\CodeIgniter.php(349): CodeIgniter\CodeIgniter->handleRequest(null, Object(Config\Cache), false)
 7 FCPATH\index.php(55): CodeIgniter\CodeIgniter->run()
CRITICAL - 2024-09-27 16:19:49 --> Array to string conversion
in APPPATH\Controllers\Main.php on line 668.
 1 APPPATH\Controllers\Main.php(668): CodeIgniter\Debug\Exceptions->errorHandler(8, 'Array to string conversion', 'APPPATH\\Controllers\\Main.php', 668, [...])
 2 [internal function]: App\Controllers\Main->App\Controllers\{closure}([...], [...])
 3 APPPATH\Controllers\Main.php(676): usort([...], Object(Closure))
 4 SYSTEMPATH\CodeIgniter.php(896): App\Controllers\Main->get_data_from_sentry()
 5 SYSTEMPATH\CodeIgniter.php(466): CodeIgniter\CodeIgniter->runController(Object(App\Controllers\Main))
 6 SYSTEMPATH\CodeIgniter.php(349): CodeIgniter\CodeIgniter->handleRequest(null, Object(Config\Cache), false)
 7 FCPATH\index.php(55): CodeIgniter\CodeIgniter->run()
CRITICAL - 2024-09-27 16:40:22 --> DateTime::__construct(): Failed to parse time string (IN|2024-09-07 11:00:00) at position 0 (I): The timezone could not be found in the database
in APPPATH\Controllers\Main.php on line 709.
 1 APPPATH\Controllers\Main.php(709): DateTime->__construct('IN|2024-09-07 11:00:00')
 2 SYSTEMPATH\CodeIgniter.php(896): App\Controllers\Main->get_data_from_sentry()
 3 SYSTEMPATH\CodeIgniter.php(466): CodeIgniter\CodeIgniter->runController(Object(App\Controllers\Main))
 4 SYSTEMPATH\CodeIgniter.php(349): CodeIgniter\CodeIgniter->handleRequest(null, Object(Config\Cache), false)
 5 FCPATH\index.php(55): CodeIgniter\CodeIgniter->run()
CRITICAL - 2024-09-27 16:42:22 --> Undefined offset: 1
in APPPATH\Controllers\Main.php on line 684.
 1 APPPATH\Controllers\Main.php(684): CodeIgniter\Debug\Exceptions->errorHandler(8, 'Undefined offset: 1', 'APPPATH\\Controllers\\Main.php', 684, [...])
 2 [internal function]: App\Controllers\Main->App\Controllers\{closure}([...], [...])
 3 APPPATH\Controllers\Main.php(691): uasort([...], Object(Closure))
 4 SYSTEMPATH\CodeIgniter.php(896): App\Controllers\Main->get_data_from_sentry()
 5 SYSTEMPATH\CodeIgniter.php(466): CodeIgniter\CodeIgniter->runController(Object(App\Controllers\Main))
 6 SYSTEMPATH\CodeIgniter.php(349): CodeIgniter\CodeIgniter->handleRequest(null, Object(Config\Cache), false)
 7 FCPATH\index.php(55): CodeIgniter\CodeIgniter->run()
CRITICAL - 2024-09-27 16:43:07 --> Undefined offset: 1
in APPPATH\Controllers\Main.php on line 684.
 1 APPPATH\Controllers\Main.php(684): CodeIgniter\Debug\Exceptions->errorHandler(8, 'Undefined offset: 1', 'APPPATH\\Controllers\\Main.php', 684, [...])
 2 [internal function]: App\Controllers\Main->App\Controllers\{closure}([...], [...])
 3 APPPATH\Controllers\Main.php(691): uasort([...], Object(Closure))
 4 SYSTEMPATH\CodeIgniter.php(896): App\Controllers\Main->get_data_from_sentry()
 5 SYSTEMPATH\CodeIgniter.php(466): CodeIgniter\CodeIgniter->runController(Object(App\Controllers\Main))
 6 SYSTEMPATH\CodeIgniter.php(349): CodeIgniter\CodeIgniter->handleRequest(null, Object(Config\Cache), false)
 7 FCPATH\index.php(55): CodeIgniter\CodeIgniter->run()
CRITICAL - 2024-09-27 16:44:52 --> Undefined offset: 1
in APPPATH\Controllers\Main.php on line 684.
 1 APPPATH\Controllers\Main.php(684): CodeIgniter\Debug\Exceptions->errorHandler(8, 'Undefined offset: 1', 'APPPATH\\Controllers\\Main.php', 684, [...])
 2 [internal function]: App\Controllers\Main->App\Controllers\{closure}([...], [...])
 3 APPPATH\Controllers\Main.php(691): uasort([...], Object(Closure))
 4 SYSTEMPATH\CodeIgniter.php(896): App\Controllers\Main->get_data_from_sentry()
 5 SYSTEMPATH\CodeIgniter.php(466): CodeIgniter\CodeIgniter->runController(Object(App\Controllers\Main))
 6 SYSTEMPATH\CodeIgniter.php(349): CodeIgniter\CodeIgniter->handleRequest(null, Object(Config\Cache), false)
 7 FCPATH\index.php(55): CodeIgniter\CodeIgniter->run()
CRITICAL - 2024-09-27 16:45:11 --> Undefined offset: 1
in APPPATH\Controllers\Main.php on line 669.
 1 APPPATH\Controllers\Main.php(669): CodeIgniter\Debug\Exceptions->errorHandler(8, 'Undefined offset: 1', 'APPPATH\\Controllers\\Main.php', 669, [...])
 2 [internal function]: App\Controllers\Main->App\Controllers\{closure}([...], [...])
 3 APPPATH\Controllers\Main.php(676): usort([...], Object(Closure))
 4 SYSTEMPATH\CodeIgniter.php(896): App\Controllers\Main->get_data_from_sentry()
 5 SYSTEMPATH\CodeIgniter.php(466): CodeIgniter\CodeIgniter->runController(Object(App\Controllers\Main))
 6 SYSTEMPATH\CodeIgniter.php(349): CodeIgniter\CodeIgniter->handleRequest(null, Object(Config\Cache), false)
 7 FCPATH\index.php(55): CodeIgniter\CodeIgniter->run()
CRITICAL - 2024-09-27 16:46:46 --> Undefined offset: 1
in APPPATH\Controllers\Main.php on line 669.
 1 APPPATH\Controllers\Main.php(669): CodeIgniter\Debug\Exceptions->errorHandler(8, 'Undefined offset: 1', 'APPPATH\\Controllers\\Main.php', 669, [...])
 2 [internal function]: App\Controllers\Main->App\Controllers\{closure}([...], [...])
 3 APPPATH\Controllers\Main.php(676): usort([...], Object(Closure))
 4 SYSTEMPATH\CodeIgniter.php(896): App\Controllers\Main->get_data_from_sentry()
 5 SYSTEMPATH\CodeIgniter.php(466): CodeIgniter\CodeIgniter->runController(Object(App\Controllers\Main))
 6 SYSTEMPATH\CodeIgniter.php(349): CodeIgniter\CodeIgniter->handleRequest(null, Object(Config\Cache), false)
 7 FCPATH\index.php(55): CodeIgniter\CodeIgniter->run()
CRITICAL - 2024-09-27 16:50:09 --> Undefined index: IN
in APPPATH\Controllers\Main.php on line 706.
 1 APPPATH\Controllers\Main.php(706): CodeIgniter\Debug\Exceptions->errorHandler(8, 'Undefined index: IN', 'APPPATH\\Controllers\\Main.php', 706, [...])
 2 SYSTEMPATH\CodeIgniter.php(896): App\Controllers\Main->get_data_from_sentry()
 3 SYSTEMPATH\CodeIgniter.php(466): CodeIgniter\CodeIgniter->runController(Object(App\Controllers\Main))
 4 SYSTEMPATH\CodeIgniter.php(349): CodeIgniter\CodeIgniter->handleRequest(null, Object(Config\Cache), false)
 5 FCPATH\index.php(55): CodeIgniter\CodeIgniter->run()
CRITICAL - 2024-09-27 16:50:30 --> Undefined index: IN
in APPPATH\Controllers\Main.php on line 706.
 1 APPPATH\Controllers\Main.php(706): CodeIgniter\Debug\Exceptions->errorHandler(8, 'Undefined index: IN', 'APPPATH\\Controllers\\Main.php', 706, [...])
 2 SYSTEMPATH\CodeIgniter.php(896): App\Controllers\Main->get_data_from_sentry()
 3 SYSTEMPATH\CodeIgniter.php(466): CodeIgniter\CodeIgniter->runController(Object(App\Controllers\Main))
 4 SYSTEMPATH\CodeIgniter.php(349): CodeIgniter\CodeIgniter->handleRequest(null, Object(Config\Cache), false)
 5 FCPATH\index.php(55): CodeIgniter\CodeIgniter->run()
